<?xml version="1.0" encoding="UTF-8"?>
<!-- Generated by org.testng.reporters.JUnitXMLReporter -->
<testsuite ignored="3" hostname="DESKTOP-9PUA9QM" failures="0" tests="1" name="ChromeTest" time="6.61" errors="0" timestamp="2025-05-26T21:10:57 IST">
  <testcase classname="testScript.LoginTest" name="verifyTheUserIsAbleToLoginUsingValidCredentials" time="2.199"/>
  <testcase classname="testScript.LoginTest" name="verifyTheUserIsUnableToLoginUsingInvalidUserNameAndValidPassword" time="0.0">
    <ignored/>
  </testcase> <!-- verifyTheUserIsUnableToLoginUsingInvalidUserNameAndValidPassword -->
  <testcase classname="testScript.LoginTest" name="verifyTheUserIsUnableToLoginUsingValidUserNameAndInvalidPassword" time="0.0">
    <ignored/>
  </testcase> <!-- verifyTheUserIsUnableToLoginUsingValidUserNameAndInvalidPassword -->
  <testcase classname="testScript.LoginTest" name="verifyTheUserIsAbleToLoginUsingInvalidCredentials" time="0.0">
    <ignored/>
  </testcase> <!-- verifyTheUserIsAbleToLoginUsingInvalidCredentials -->
</testsuite> <!-- ChromeTest -->
