<?xml version="1.0" encoding="UTF-8"?>
<!-- Generated by org.testng.reporters.JUnitXMLReporter -->
<testsuite ignored="2" hostname="DESKTOP-9PUA9QM" failures="2" tests="2" name="Test" time="6.228" errors="0" timestamp="2025-05-23T09:45:39 IST">
  <testcase classname="testScript.Base" name="@AfterMethod driverQuit" time="0.317">
    <failure type="org.openqa.selenium.WebDriverException" message="Timed out waiting for driver server to stop.
Build info: version: &amp;apos;4.28.1&amp;apos;, revision: &amp;apos;73f5ad48a2&amp;apos;
System info: os.name: &amp;apos;Windows 10&amp;apos;, os.arch: &amp;apos;amd64&amp;apos;, os.version: &amp;apos;10.0&amp;apos;, java.version: &amp;apos;23.0.1&amp;apos;
Driver info: org.openqa.selenium.chrome.ChromeDriver
Command: [e1c9886b2e1b98a463a20a1ab08e7fef, quit {}]
Capabilities {acceptInsecureCerts: false, browserName: chrome, browserVersion: 136.0.7103.114, chrome: {chromedriverVersion: 136.0.7103.113 (76fa3c17824..., userDataDir: C:\Users\shilpa\AppData\Loc...}, fedcm:accounts: true, goog:chromeOptions: {debuggerAddress: localhost:52882}, networkConnectionEnabled: false, pageLoadStrategy: normal, platformName: windows, proxy: Proxy(), se:cdp: ws://localhost:52882/devtoo..., se:cdpVersion: 136.0.7103.114, setWindowRect: true, strictFileInteractability: false, timeouts: {implicit: 0, pageLoad: 300000, script: 30000}, unhandledPromptBehavior: dismiss and notify, webauthn:extension:credBlob: true, webauthn:extension:largeBlob: true, webauthn:extension:minPinLength: true, webauthn:extension:prf: true, webauthn:virtualAuthenticators: true}">
      <![CDATA[org.openqa.selenium.WebDriverException: Timed out waiting for driver server to stop.
Build info: version: '4.28.1', revision: '73f5ad48a2'
System info: os.name: 'Windows 10', os.arch: 'amd64', os.version: '10.0', java.version: '23.0.1'
Driver info: org.openqa.selenium.chrome.ChromeDriver
Command: [e1c9886b2e1b98a463a20a1ab08e7fef, quit {}]
Capabilities {acceptInsecureCerts: false, browserName: chrome, browserVersion: 136.0.7103.114, chrome: {chromedriverVersion: 136.0.7103.113 (76fa3c17824..., userDataDir: C:\Users\shilpa\AppData\Loc...}, fedcm:accounts: true, goog:chromeOptions: {debuggerAddress: localhost:52882}, networkConnectionEnabled: false, pageLoadStrategy: normal, platformName: windows, proxy: Proxy(), se:cdp: ws://localhost:52882/devtoo..., se:cdpVersion: 136.0.7103.114, setWindowRect: true, strictFileInteractability: false, timeouts: {implicit: 0, pageLoad: 300000, script: 30000}, unhandledPromptBehavior: dismiss and notify, webauthn:extension:credBlob: true, webauthn:extension:largeBlob: true, webauthn:extension:minPinLength: true, webauthn:extension:prf: true, webauthn:virtualAuthenticators: true}
at org.openqa.selenium.remote.service.DriverCommandExecutor.execute(DriverCommandExecutor.java:164)
at org.openqa.selenium.remote.RemoteWebDriver.execute(RemoteWebDriver.java:545)
at org.openqa.selenium.remote.RemoteWebDriver.execute(RemoteWebDriver.java:618)
at org.openqa.selenium.remote.RemoteWebDriver.execute(RemoteWebDriver.java:622)
at org.openqa.selenium.remote.RemoteWebDriver.quit(RemoteWebDriver.java:446)
at org.openqa.selenium.chromium.ChromiumDriver.quit(ChromiumDriver.java:436)
at testScript.Base.driverQuit(Base.java:64)
at java.base/java.util.concurrent.ThreadPoolExecutor.runWorker(ThreadPoolExecutor.java:1144)
at java.base/java.util.concurrent.ThreadPoolExecutor$Worker.run(ThreadPoolExecutor.java:642)
at java.base/java.lang.Thread.run(Thread.java:1575)
Caused by: java.util.concurrent.ExecutionException: java.util.concurrent.RejectedExecutionException: Task java.util.concurrent.FutureTask@5d242b7a[Not completed, task = java.util.concurrent.Executors$RunnableAdapter@1c192141[Wrapped task = org.openqa.selenium.remote.http.jdk.JdkHttpClient$$Lambda/0x00000278ca207618@1826a61a]] rejected from java.util.concurrent.ThreadPoolExecutor@24ee5afc[Shutting down, pool size = 4, active threads = 0, queued tasks = 0, completed tasks = 42]
at java.base/java.util.concurrent.CompletableFuture.wrapInExecutionException(CompletableFuture.java:345)
at java.base/java.util.concurrent.CompletableFuture.reportGet(CompletableFuture.java:440)
at java.base/java.util.concurrent.CompletableFuture.get(CompletableFuture.java:2140)
at org.openqa.selenium.remote.service.DriverCommandExecutor.execute(DriverCommandExecutor.java:160)
... 24 more
Caused by: java.util.concurrent.RejectedExecutionException: Task java.util.concurrent.FutureTask@5d242b7a[Not completed, task = java.util.concurrent.Executors$RunnableAdapter@1c192141[Wrapped task = org.openqa.selenium.remote.http.jdk.JdkHttpClient$$Lambda/0x00000278ca207618@1826a61a]] rejected from java.util.concurrent.ThreadPoolExecutor@24ee5afc[Shutting down, pool size = 4, active threads = 0, queued tasks = 0, completed tasks = 42]
at java.base/java.util.concurrent.ThreadPoolExecutor$AbortPolicy.rejectedExecution(ThreadPoolExecutor.java:2082)
at java.base/java.util.concurrent.ThreadPoolExecutor.reject(ThreadPoolExecutor.java:841)
at java.base/java.util.concurrent.ThreadPoolExecutor.execute(ThreadPoolExecutor.java:1377)
at java.base/java.util.concurrent.AbstractExecutorService.submit(AbstractExecutorService.java:124)
at org.openqa.selenium.remote.http.jdk.JdkHttpClient.executeAsync(JdkHttpClient.java:381)
at org.openqa.selenium.remote.http.jdk.JdkHttpClient.execute(JdkHttpClient.java:410)
at org.openqa.selenium.remote.HttpCommandExecutor.execute(HttpCommandExecutor.java:212)
at org.openqa.selenium.remote.service.DriverCommandExecutor.invokeExecute(DriverCommandExecutor.java:216)
at org.openqa.selenium.remote.service.DriverCommandExecutor.lambda$execute$1(DriverCommandExecutor.java:126)
at java.base/java.util.concurrent.CompletableFuture$AsyncSupply.run(CompletableFuture.java:1812)
... 3 more
... Removed 15 stack frames]]>
    </failure>
  </testcase> <!-- @AfterMethod driverQuit -->
  <testcase classname="testScript.LoginTest" name="verifyTheUserIsUnableToLoginUsingInvalidUserNameAndValidPassword" time="0.332">
    <failure type="org.apache.poi.openxml4j.exceptions.NotOfficeXmlFileException" message="No valid entries or contents found, this is not a valid OOXML (Office Open XML) file">
      <![CDATA[org.apache.poi.openxml4j.exceptions.NotOfficeXmlFileException: No valid entries or contents found, this is not a valid OOXML (Office Open XML) file
at org.apache.poi.openxml4j.util.ZipArchiveThresholdInputStream.getNextEntry(ZipArchiveThresholdInputStream.java:156)
at org.apache.poi.openxml4j.util.ZipInputStreamZipEntrySource.<init>(ZipInputStreamZipEntrySource.java:94)
at org.apache.poi.openxml4j.opc.ZipPackage.<init>(ZipPackage.java:132)
at org.apache.poi.openxml4j.opc.OPCPackage.open(OPCPackage.java:319)
at org.apache.poi.ooxml.util.PackageHelper.open(PackageHelper.java:59)
at org.apache.poi.xssf.usermodel.XSSFWorkbook.<init>(XSSFWorkbook.java:290)
at org.apache.poi.xssf.usermodel.XSSFWorkbook.<init>(XSSFWorkbook.java:286)
at utilities.ExcelUtility.getStringData(ExcelUtility.java:23)
at testScript.LoginTest.verifyTheUserIsUnableToLoginUsingInvalidUserNameAndValidPassword(LoginTest.java:34)
at java.base/java.util.concurrent.ThreadPoolExecutor.runWorker(ThreadPoolExecutor.java:1144)
at java.base/java.util.concurrent.ThreadPoolExecutor$Worker.run(ThreadPoolExecutor.java:642)
at java.base/java.lang.Thread.run(Thread.java:1575)
Caused by: java.util.zip.ZipException: Unexpected record signature: 0X31218764
at org.apache.commons.compress.archivers.zip.ZipArchiveInputStream.getNextZipEntry(ZipArchiveInputStream.java:296)
at org.apache.poi.openxml4j.util.ZipArchiveThresholdInputStream.getNextEntry(ZipArchiveThresholdInputStream.java:152)
... 21 more
... Removed 10 stack frames]]>
    </failure>
  </testcase> <!-- verifyTheUserIsUnableToLoginUsingInvalidUserNameAndValidPassword -->
  <testcase classname="testScript.LoginTest" name="verifyTheUserIsAbleToLoginUsingValidCredentials" time="0.6">
    <failure type="java.io.IOException" message="Stream Closed">
      <![CDATA[java.io.IOException: Stream Closed
at java.base/java.io.FileInputStream.available0(Native Method)
at java.base/java.io.FileInputStream.available(FileInputStream.java:494)
at java.base/java.io.BufferedInputStream.implRead(BufferedInputStream.java:428)
at java.base/java.io.BufferedInputStream.read(BufferedInputStream.java:399)
at java.base/java.io.FilterInputStream.read(FilterInputStream.java:119)
at java.base/java.io.PushbackInputStream.read(PushbackInputStream.java:197)
at java.base/java.io.FilterInputStream.read(FilterInputStream.java:95)
at org.apache.commons.compress.archivers.zip.ZipArchiveInputStream.fill(ZipArchiveInputStream.java:861)
at org.apache.commons.compress.archivers.zip.ZipArchiveInputStream.readFromInflater(ZipArchiveInputStream.java:650)
at org.apache.commons.compress.archivers.zip.ZipArchiveInputStream.readDeflated(ZipArchiveInputStream.java:625)
at org.apache.commons.compress.archivers.zip.ZipArchiveInputStream.read(ZipArchiveInputStream.java:528)
at java.base/java.io.FilterInputStream.read(FilterInputStream.java:119)
at org.apache.poi.openxml4j.util.ZipArchiveThresholdInputStream.read(ZipArchiveThresholdInputStream.java:80)
at org.apache.poi.util.IOUtils.toByteArray(IOUtils.java:240)
at org.apache.poi.util.IOUtils.toByteArray(IOUtils.java:203)
at org.apache.poi.openxml4j.util.ZipArchiveFakeEntry.<init>(ZipArchiveFakeEntry.java:82)
at org.apache.poi.openxml4j.util.ZipInputStreamZipEntrySource.<init>(ZipInputStreamZipEntrySource.java:98)
at org.apache.poi.openxml4j.opc.ZipPackage.<init>(ZipPackage.java:132)
at org.apache.poi.openxml4j.opc.OPCPackage.open(OPCPackage.java:319)
at org.apache.poi.ooxml.util.PackageHelper.open(PackageHelper.java:59)
at org.apache.poi.xssf.usermodel.XSSFWorkbook.<init>(XSSFWorkbook.java:290)
at org.apache.poi.xssf.usermodel.XSSFWorkbook.<init>(XSSFWorkbook.java:286)
at utilities.ExcelUtility.getStringData(ExcelUtility.java:23)
at testScript.LoginTest.verifyTheUserIsAbleToLoginUsingValidCredentials(LoginTest.java:19)
at java.base/java.util.concurrent.ThreadPoolExecutor.runWorker(ThreadPoolExecutor.java:1144)
at java.base/java.util.concurrent.ThreadPoolExecutor$Worker.run(ThreadPoolExecutor.java:642)
at java.base/java.lang.Thread.run(Thread.java:1575)
... Removed 10 stack frames]]>
    </failure>
  </testcase> <!-- verifyTheUserIsAbleToLoginUsingValidCredentials -->
  <testcase classname="testScript.LoginTest" name="verifyTheUserIsUnableToLoginUsingValidUserNameAndInvalidPassword" time="0.0">
    <ignored/>
  </testcase> <!-- verifyTheUserIsUnableToLoginUsingValidUserNameAndInvalidPassword -->
  <testcase classname="testScript.LoginTest" name="verifyTheUserIsAbleToLoginUsingInvalidCredentials" time="0.0">
    <ignored/>
  </testcase> <!-- verifyTheUserIsAbleToLoginUsingInvalidCredentials -->
</testsuite> <!-- Test -->
